<?xml version="1.0" encoding="UTF-8"?>
<!-- Generated by org.testng.reporters.JUnitXMLReporter -->
<testsuite ignored="20" hostname="LTIN242912" failures="1" tests="1" name="Default test" time="8.345" errors="0" timestamp="2024-02-26T11:39:52 IST">
  <testcase classname="bookShelves.BookShelves" name="Select_SeatingandChairs" time="0.09">
    <failure type="java.lang.IllegalArgumentException" message="Driver must be set">
      <![CDATA[java.lang.IllegalArgumentException: Driver must be set
at org.openqa.selenium.internal.Require.nonNull(Require.java:60)
at org.openqa.selenium.interactions.Actions.<init>(Actions.java:59)
at pageObjectmodel.livingPage.ClickSeatingandchairs(livingPage.java:44)
at bookShelves.BookShelves.Select_SeatingandChairs(BookShelves.java:119)
at java.base/jdk.internal.reflect.NativeMethodAccessorImpl.invoke0(Native Method)
at java.base/jdk.internal.reflect.NativeMethodAccessorImpl.invoke(NativeMethodAccessorImpl.java:77)
at java.base/jdk.internal.reflect.DelegatingMethodAccessorImpl.invoke(DelegatingMethodAccessorImpl.java:43)
at java.base/java.lang.reflect.Method.invoke(Method.java:568)
at org.testng.internal.invokers.MethodInvocationHelper.invokeMethod(MethodInvocationHelper.java:139)
at org.testng.internal.invokers.TestInvoker.invokeMethod(TestInvoker.java:664)
at org.testng.internal.invokers.TestInvoker.invokeTestMethod(TestInvoker.java:228)
at org.testng.internal.invokers.MethodRunner.runInSequence(MethodRunner.java:63)
at org.testng.internal.invokers.TestInvoker$MethodInvocationAgent.invoke(TestInvoker.java:961)
at org.testng.internal.invokers.TestInvoker.invokeTestMethods(TestInvoker.java:201)
at org.testng.internal.invokers.TestMethodWorker.invokeTestMethods(TestMethodWorker.java:148)
at org.testng.internal.invokers.TestMethodWorker.run(TestMethodWorker.java:128)
at java.base/java.util.ArrayList.forEach(ArrayList.java:1511)
at org.testng.TestRunner.privateRun(TestRunner.java:819)
at org.testng.TestRunner.run(TestRunner.java:619)
at org.testng.SuiteRunner.runTest(SuiteRunner.java:443)
at org.testng.SuiteRunner.runSequentially(SuiteRunner.java:437)
at org.testng.SuiteRunner.privateRun(SuiteRunner.java:397)
at org.testng.SuiteRunner.run(SuiteRunner.java:336)
at org.testng.SuiteRunnerWorker.runSuite(SuiteRunnerWorker.java:52)
at org.testng.SuiteRunnerWorker.run(SuiteRunnerWorker.java:95)
at org.testng.TestNG.runSuitesSequentially(TestNG.java:1301)
at org.testng.TestNG.runSuitesLocally(TestNG.java:1228)
at org.testng.TestNG.runSuites(TestNG.java:1134)
at org.testng.TestNG.run(TestNG.java:1101)
at org.testng.remote.AbstractRemoteTestNG.run(AbstractRemoteTestNG.java:115)
at org.testng.remote.RemoteTestNG.initAndRun(RemoteTestNG.java:251)
at org.testng.remote.RemoteTestNG.main(RemoteTestNG.java:77)
]]>
    </failure>
  </testcase> <!-- Select_SeatingandChairs -->
  <testcase classname="bookShelves.BookShelves" name="go_to_giftcards" time="0.0">
    <ignored/>
  </testcase> <!-- go_to_giftcards -->
  <testcase classname="bookShelves.BookShelves" name="Select_Annivesary" time="0.0">
    <ignored/>
  </testcase> <!-- Select_Annivesary -->
  <testcase classname="bookShelves.BookShelves" name="Collect_listeditems_ofSeatingandchairs" time="0.0">
    <ignored/>
  </testcase> <!-- Collect_listeditems_ofSeatingandchairs -->
  <testcase classname="bookShelves.BookShelves" name="Select_date" time="0.0">
    <ignored/>
  </testcase> <!-- Select_date -->
  <testcase classname="bookShelves.BookShelves" name="coustmize_giftcard" time="0.0">
    <ignored/>
  </testcase> <!-- coustmize_giftcard -->
  <testcase classname="bookShelves.BookShelves" name="open_BookShelves" time="0.0">
    <ignored/>
  </testcase> <!-- open_BookShelves -->
  <testcase classname="bookShelves.BookShelves" name="fill_the_form" time="0.0">
    <ignored/>
  </testcase> <!-- fill_the_form -->
  <testcase classname="bookShelves.BookShelves" name="close_popup" time="0.0">
    <ignored/>
  </testcase> <!-- close_popup -->
  <testcase classname="bookShelves.BookShelves" name="valid_details" time="0.0">
    <ignored/>
  </testcase> <!-- valid_details -->
  <testcase classname="bookShelves.BookShelves" name="Scroll_Toheading" time="0.0">
    <ignored/>
  </testcase> <!-- Scroll_Toheading -->
  <testcase classname="bookShelves.BookShelves" name="Click_Excludeoutof_stock" time="0.0">
    <ignored/>
  </testcase> <!-- Click_Excludeoutof_stock -->
  <testcase classname="bookShelves.BookShelves" name="Collect_Displayed_Namesofitems" time="0.0">
    <ignored/>
  </testcase> <!-- Collect_Displayed_Namesofitems -->
  <testcase classname="bookShelves.BookShelves" name="Collect_Displayed_Pricesofitems" time="0.0">
    <ignored/>
  </testcase> <!-- Collect_Displayed_Pricesofitems -->
  <testcase classname="bookShelves.BookShelves" name="Select_recommended" time="0.0">
    <ignored/>
  </testcase> <!-- Select_recommended -->
  <testcase classname="bookShelves.BookShelves" name="Refill_details" time="0.0">
    <ignored/>
  </testcase> <!-- Refill_details -->
  <testcase classname="bookShelves.BookShelves" name="Click_confirm" time="0.0">
    <ignored/>
  </testcase> <!-- Click_confirm -->
  <testcase classname="bookShelves.BookShelves" name="open_category" time="0.0">
    <ignored/>
  </testcase> <!-- open_category -->
  <testcase classname="bookShelves.BookShelves" name="click_confirm" time="0.0">
    <ignored/>
  </testcase> <!-- click_confirm -->
  <testcase classname="bookShelves.BookShelves" name="price_selection" time="0.0">
    <ignored/>
  </testcase> <!-- price_selection -->
  <testcase classname="bookShelves.BookShelves" name="open_Living" time="0.0">
    <ignored/>
  </testcase> <!-- open_Living -->
</testsuite> <!-- Default test -->
